<?xml version="1.0" encoding="UTF-8"?>
<!-- Generated by org.testng.reporters.JUnitReportReporter -->
<testsuite skipped="0" hostname="Maa-PC" name="test.HybridFW" tests="1" failures="0" timestamp="05 Oct 2017 04:27:34 GMT" time="77.318" errors="0">
  <testcase name="smokeTest" time="77.318" classname="test.HybridFW"/>
</testsuite> <!-- test.HybridFW -->
